#-----------------------------------------------------------
# Vivado v2018.3 (64-bit)
# SW Build 2405991 on Thu Dec  6 23:38:27 MST 2018
# IP Build 2404404 on Fri Dec  7 01:43:56 MST 2018
# Start of session at: Mon Dec  6 13:13:59 2021
# Process ID: 18908
# Current directory: D:/Documents/Vivado/VLSI/Encryption
# Command line: vivado.exe -gui_launcher_event rodinguilauncherevent11256 D:\Documents\Vivado\VLSI\Encryption\Encryption.xpr
# Log file: D:/Documents/Vivado/VLSI/Encryption/vivado.log
# Journal file: D:/Documents/Vivado/VLSI/Encryption\vivado.jou
#-----------------------------------------------------------
start_gui
open_project D:/Documents/Vivado/VLSI/Encryption/Encryption.xpr
INFO: [Project 1-313] Project file moved from 'C:/GIT/VLSI/Encryption' since last save.
Scanning sources...
Finished scanning sources
INFO: [IP_Flow 19-234] Refreshing IP repositories
INFO: [IP_Flow 19-1704] No user IP repositories specified
INFO: [IP_Flow 19-2313] Loaded Vivado IP repository 'C:/Xilinx/Vivado/2018.3/data/ip'.
open_project: Time (s): cpu = 00:00:12 ; elapsed = 00:00:06 . Memory (MB): peak = 773.016 ; gain = 149.191
update_compile_order -fileset sources_1
exit
INFO: [Common 17-206] Exiting Vivado at Mon Dec  6 13:14:34 2021...
