Copyright 1986-2018 Xilinx, Inc. All Rights Reserved.
--------------------------------------------------------------------------------------------
| Tool Version : Vivado v.2018.3 (win64) Build 2405991 Thu Dec  6 23:38:27 MST 2018
| Date         : Mon Nov 29 14:16:13 2021
| Host         : LAPTOP-MIC running 64-bit major release  (build 9200)
| Command      : report_control_sets -verbose -file HDMI_bd_wrapper_control_sets_placed.rpt
| Design       : HDMI_bd_wrapper
| Device       : xc7z020
--------------------------------------------------------------------------------------------

Control Set Information

Table of Contents
-----------------
1. Summary
2. Histogram
3. Flip-Flop Distribution
4. Detailed Control Set Information

1. Summary
----------

+----------------------------------------------------------+-------+
|                          Status                          | Count |
+----------------------------------------------------------+-------+
| Number of unique control sets                            |    44 |
| Unused register locations in slices containing registers |   142 |
+----------------------------------------------------------+-------+


2. Histogram
------------

+--------+--------------+
| Fanout | Control Sets |
+--------+--------------+
|      1 |            1 |
|      2 |            6 |
|      4 |            3 |
|      5 |           11 |
|      7 |            3 |
|      8 |            3 |
|      9 |            1 |
|     10 |            1 |
|     11 |            4 |
|     12 |            1 |
|    16+ |           10 |
+--------+--------------+


3. Flip-Flop Distribution
-------------------------

+--------------+-----------------------+------------------------+-----------------+--------------+
| Clock Enable | Synchronous Set/Reset | Asynchronous Set/Reset | Total Registers | Total Slices |
+--------------+-----------------------+------------------------+-----------------+--------------+
| No           | No                    | No                     |             301 |           99 |
| No           | No                    | Yes                    |              39 |           24 |
| No           | Yes                   | No                     |             111 |           36 |
| Yes          | No                    | No                     |              43 |           17 |
| Yes          | No                    | Yes                    |               0 |            0 |
| Yes          | Yes                   | No                     |             148 |           40 |
+--------------+-----------------------+------------------------+-----------------+--------------+


4. Detailed Control Set Information
-----------------------------------

+-----------------------------------------------------------+---------------------------------------------------------------------------------------------------------------+-------------------------------------------------------------------------------------------+------------------+----------------+
|                        Clock Signal                       |                                                 Enable Signal                                                 |                                      Set/Reset Signal                                     | Slice Load Count | Bel Load Count |
+-----------------------------------------------------------+---------------------------------------------------------------------------------------------------------------+-------------------------------------------------------------------------------------------+------------------+----------------+
|  HDMI_bd_i/clk_wiz_0/inst/clk_out1                        |                                                                                                               | HDMI_bd_i/dvi2rgb_0/U0/TMDS_ClockingX/RdyLostReset/SyncAsyncx/oSyncStages[1]              |                1 |              1 |
|  HDMI_bd_i/dvi2rgb_0/U0/TMDS_ClockingX/oSyncStages_reg[1] |                                                                                                               | HDMI_bd_i/dvi2rgb_0/U0/TMDS_ClockingX/in0                                                 |                1 |              2 |
|  HDMI_bd_i/clk_wiz_0/inst/clk_out1                        |                                                                                                               | HDMI_bd_i/dvi2rgb_0/U0/TMDS_ClockingX/RdyLostReset/aRst_int                               |                1 |              2 |
|  HDMI_bd_i/clk_wiz_0/inst/clk_out1                        |                                                                                                               | HDMI_bd_i/dvi2rgb_0/U0/TMDS_ClockingX/LockLostReset/SyncAsyncx/oSyncStages[1]             |                1 |              2 |
|  HDMI_bd_i/dvi2rgb_0/U0/GenerateBUFG.ResyncToBUFG_X/CLK   |                                                                                                               | HDMI_bd_i/rgb2dvi_0/U0/ClockGenInternal.ClockGenX/in0                                     |                1 |              2 |
|  HDMI_bd_i/dvi2rgb_0/U0/GenerateBUFG.ResyncToBUFG_X/CLK   |                                                                                                               | reset_IBUF                                                                                |                1 |              2 |
|  HDMI_bd_i/clk_wiz_0/inst/clk_out1                        |                                                                                                               | reset_IBUF                                                                                |                1 |              2 |
|  HDMI_bd_i/clk_wiz_0/inst/clk_out1                        | HDMI_bd_i/dvi2rgb_0/U0/GenerateDDC.DDC_EEPROM/I2C_SlaveController/FSM_onehot_sState_reg[0]                    |                                                                                           |                1 |              4 |
|  HDMI_bd_i/clk_wiz_0/inst/clk_out1                        | HDMI_bd_i/dvi2rgb_0/U0/GenerateDDC.DDC_EEPROM/I2C_SlaveController/GlitchF_SCL/Filter.cntPeriods[3]_i_2__0_n_0 | HDMI_bd_i/dvi2rgb_0/U0/GenerateDDC.DDC_EEPROM/I2C_SlaveController/SyncSCL/SS[0]           |                1 |              4 |
|  HDMI_bd_i/clk_wiz_0/inst/clk_out1                        | HDMI_bd_i/dvi2rgb_0/U0/GenerateDDC.DDC_EEPROM/I2C_SlaveController/GlitchF_SDA/Filter.cntPeriods[3]_i_2_n_0    | HDMI_bd_i/dvi2rgb_0/U0/GenerateDDC.DDC_EEPROM/I2C_SlaveController/SyncSDA/SS[0]           |                1 |              4 |
|  HDMI_bd_i/dvi2rgb_0/U0/TMDS_ClockingX/oSyncStages_reg[1] | HDMI_bd_i/dvi2rgb_0/U0/DataDecoders[0].DecoderX/ChannelBondX/pRdEn                                            | HDMI_bd_i/dvi2rgb_0/U0/DataDecoders[1].DecoderX/PhaseAlignX/pMeRdy_int_reg                |                1 |              5 |
|  HDMI_bd_i/dvi2rgb_0/U0/TMDS_ClockingX/oSyncStages_reg[1] | HDMI_bd_i/dvi2rgb_0/U0/DataDecoders[0].DecoderX/PhaseAlignX/pCenterTap[5]_i_1__1_n_0                          |                                                                                           |                2 |              5 |
|  HDMI_bd_i/dvi2rgb_0/U0/GenerateBUFG.ResyncToBUFG_X/CLK   |                                                                                                               | HDMI_bd_i/rgb2dvi_0/U0/ClockGenInternal.ClockGenX/LockLostReset/SyncAsyncx/oSyncStages[1] |                3 |              5 |
|  HDMI_bd_i/dvi2rgb_0/U0/TMDS_ClockingX/oSyncStages_reg[1] | HDMI_bd_i/dvi2rgb_0/U0/DataDecoders[0].DecoderX/PhaseAlignX/pEyeOpenEn                                        | HDMI_bd_i/dvi2rgb_0/U0/DataDecoders[0].DecoderX/PhaseAlignX/pEyeOpenRst                   |                1 |              5 |
|  HDMI_bd_i/dvi2rgb_0/U0/TMDS_ClockingX/oSyncStages_reg[1] | HDMI_bd_i/dvi2rgb_0/U0/DataDecoders[1].DecoderX/ChannelBondX/pRdEn                                            | HDMI_bd_i/dvi2rgb_0/U0/DataDecoders[1].DecoderX/PhaseAlignX/pMeRdy_int_reg                |                1 |              5 |
|  HDMI_bd_i/dvi2rgb_0/U0/TMDS_ClockingX/oSyncStages_reg[1] | HDMI_bd_i/dvi2rgb_0/U0/DataDecoders[2].DecoderX/ChannelBondX/pRdEn                                            | HDMI_bd_i/dvi2rgb_0/U0/DataDecoders[1].DecoderX/PhaseAlignX/pMeRdy_int_reg                |                1 |              5 |
|  HDMI_bd_i/dvi2rgb_0/U0/TMDS_ClockingX/oSyncStages_reg[1] | HDMI_bd_i/dvi2rgb_0/U0/DataDecoders[2].DecoderX/PhaseAlignX/pEyeOpenEn                                        | HDMI_bd_i/dvi2rgb_0/U0/DataDecoders[2].DecoderX/PhaseAlignX/pEyeOpenRst                   |                1 |              5 |
|  HDMI_bd_i/dvi2rgb_0/U0/TMDS_ClockingX/oSyncStages_reg[1] | HDMI_bd_i/dvi2rgb_0/U0/DataDecoders[2].DecoderX/PhaseAlignX/pCenterTap[5]_i_1_n_0                             |                                                                                           |                3 |              5 |
|  HDMI_bd_i/dvi2rgb_0/U0/TMDS_ClockingX/oSyncStages_reg[1] | HDMI_bd_i/dvi2rgb_0/U0/DataDecoders[1].DecoderX/PhaseAlignX/pEyeOpenEn                                        | HDMI_bd_i/dvi2rgb_0/U0/DataDecoders[1].DecoderX/PhaseAlignX/pEyeOpenRst                   |                1 |              5 |
|  HDMI_bd_i/dvi2rgb_0/U0/TMDS_ClockingX/oSyncStages_reg[1] | HDMI_bd_i/dvi2rgb_0/U0/DataDecoders[1].DecoderX/PhaseAlignX/pCenterTap[5]_i_1__0_n_0                          |                                                                                           |                3 |              5 |
|  HDMI_bd_i/clk_wiz_0/inst/clk_out1                        | HDMI_bd_i/dvi2rgb_0/U0/TMDS_ClockingX/rDlyRstCnt[4]_i_1_n_0                                                   | HDMI_bd_i/dvi2rgb_0/U0/TMDS_ClockingX/LockLostReset/SyncAsyncx/oSyncStages[1]             |                2 |              5 |
|  HDMI_bd_i/dvi2rgb_0/U0/TMDS_ClockingX/oSyncStages_reg[1] |                                                                                                               | HDMI_bd_i/dvi2rgb_0/U0/DataDecoders[0].DecoderX/PhaseAlignX/pCtlTknRst                    |                1 |              7 |
|  HDMI_bd_i/dvi2rgb_0/U0/TMDS_ClockingX/oSyncStages_reg[1] |                                                                                                               | HDMI_bd_i/dvi2rgb_0/U0/DataDecoders[2].DecoderX/PhaseAlignX/pCtlTknRst                    |                1 |              7 |
|  HDMI_bd_i/dvi2rgb_0/U0/TMDS_ClockingX/oSyncStages_reg[1] |                                                                                                               | HDMI_bd_i/dvi2rgb_0/U0/DataDecoders[1].DecoderX/PhaseAlignX/pCtlTknRst                    |                2 |              7 |
|  HDMI_bd_i/dvi2rgb_0/U0/TMDS_ClockingX/oSyncStages_reg[1] |                                                                                                               | HDMI_bd_i/dvi2rgb_0/U0/DataDecoders[1].DecoderX/ChannelBondX/pDataIn_reg[0][0]            |                2 |              8 |
|  HDMI_bd_i/dvi2rgb_0/U0/TMDS_ClockingX/oSyncStages_reg[1] |                                                                                                               | HDMI_bd_i/dvi2rgb_0/U0/DataDecoders[2].DecoderX/ChannelBondX/SR[0]                        |                2 |              8 |
|  HDMI_bd_i/clk_wiz_0/inst/clk_out1                        | HDMI_bd_i/dvi2rgb_0/U0/GenerateDDC.DDC_EEPROM/I2C_SlaveController/dataByte[7]_i_1_n_0                         |                                                                                           |                4 |              8 |
|  HDMI_bd_i/clk_wiz_0/inst/clk_out1                        |                                                                                                               | HDMI_bd_i/dvi2rgb_0/U0/LockLostReset/SyncAsyncx/oSyncStages[1]                            |                6 |              9 |
|  HDMI_bd_i/dvi2rgb_0/U0/GenerateBUFG.ResyncToBUFG_X/CLK   |                                                                                                               | HDMI_bd_i/rgb2dvi_0/U0/DataEncoders[0].DataEncoder/pDataOutRaw[9]_i_1__1_n_0              |                3 |             10 |
|  HDMI_bd_i/dvi2rgb_0/U0/TMDS_ClockingX/oSyncStages_reg[1] |                                                                                                               | HDMI_bd_i/dvi2rgb_0/U0/DataDecoders[0].DecoderX/ChannelBondX/SR[0]                        |                3 |             11 |
|  HDMI_bd_i/dvi2rgb_0/U0/TMDS_ClockingX/oSyncStages_reg[1] | HDMI_bd_i/dvi2rgb_0/U0/DataDecoders[2].DecoderX/PhaseAlignX/pState[10]_i_1_n_0                                | HDMI_bd_i/dvi2rgb_0/U0/DataDecoders[2].DecoderX/pAlignRst_reg_n_0                         |                3 |             11 |
|  HDMI_bd_i/dvi2rgb_0/U0/TMDS_ClockingX/oSyncStages_reg[1] | HDMI_bd_i/dvi2rgb_0/U0/DataDecoders[0].DecoderX/PhaseAlignX/pState[10]_i_1__1_n_0                             | HDMI_bd_i/dvi2rgb_0/U0/DataDecoders[0].DecoderX/pAlignRst_reg_n_0                         |                5 |             11 |
|  HDMI_bd_i/dvi2rgb_0/U0/TMDS_ClockingX/oSyncStages_reg[1] | HDMI_bd_i/dvi2rgb_0/U0/DataDecoders[1].DecoderX/PhaseAlignX/pState[10]_i_1__0_n_0                             | HDMI_bd_i/dvi2rgb_0/U0/DataDecoders[1].DecoderX/pAlignRst_reg_n_0                         |                4 |             11 |
|  HDMI_bd_i/dvi2rgb_0/U0/TMDS_ClockingX/oSyncStages_reg[1] |                                                                                                               | HDMI_bd_i/dvi2rgb_0/U0/LockLostReset/SyncAsyncx/oSyncStages[1]                            |                8 |             12 |
|  HDMI_bd_i/clk_wiz_0/inst/clk_out1                        | HDMI_bd_i/dvi2rgb_0/U0/GenerateDDC.DDC_EEPROM/I2C_SlaveController/E[0]                                        |                                                                                           |                4 |             16 |
|  HDMI_bd_i/dvi2rgb_0/U0/TMDS_ClockingX/oSyncStages_reg[1] |                                                                                                               | HDMI_bd_i/dvi2rgb_0/U0/DataDecoders[1].DecoderX/PhaseAlignX/pMeRdy_int_reg                |                7 |             21 |
|  HDMI_bd_i/clk_wiz_0/inst/clk_out1                        | HDMI_bd_i/dvi2rgb_0/U0/DataDecoders[0].DecoderX/rTimeoutCnt[0]_i_1__1_n_0                                     | HDMI_bd_i/dvi2rgb_0/U0/DataDecoders[0].DecoderX/SyncBaseRst/SyncAsyncx/oSyncStages[1]     |                6 |             24 |
|  HDMI_bd_i/clk_wiz_0/inst/clk_out1                        | HDMI_bd_i/dvi2rgb_0/U0/DataDecoders[1].DecoderX/rTimeoutCnt[0]_i_1__0_n_0                                     | HDMI_bd_i/dvi2rgb_0/U0/DataDecoders[1].DecoderX/SyncBaseRst/SyncAsyncx/oSyncStages[1]     |                6 |             24 |
|  HDMI_bd_i/clk_wiz_0/inst/clk_out1                        | HDMI_bd_i/dvi2rgb_0/U0/DataDecoders[2].DecoderX/rTimeoutCnt[0]_i_1_n_0                                        | HDMI_bd_i/dvi2rgb_0/U0/DataDecoders[2].DecoderX/SyncBaseRst/SyncAsyncx/oSyncStages[1]     |                6 |             24 |
|  HDMI_bd_i/dvi2rgb_0/U0/GenerateBUFG.ResyncToBUFG_X/CLK   |                                                                                                               | HDMI_bd_i/rgb2dvi_0/U0/DataEncoders[0].DataEncoder/SR[0]                                  |               15 |             32 |
|  HDMI_bd_i/clk_wiz_0/inst/clk_out1                        |                                                                                                               |                                                                                           |               20 |             36 |
|  HDMI_bd_i/dvi2rgb_0/U0/TMDS_ClockingX/oSyncStages_reg[1] | HDMI_bd_i/dvi2rgb_0/U0/DataDecoders[0].DecoderX/PhaseAlignX/pAllVld                                           |                                                                                           |                6 |             48 |
|  HDMI_bd_i/dvi2rgb_0/U0/GenerateBUFG.ResyncToBUFG_X/CLK   |                                                                                                               |                                                                                           |               37 |            119 |
|  HDMI_bd_i/dvi2rgb_0/U0/TMDS_ClockingX/oSyncStages_reg[1] |                                                                                                               |                                                                                           |               42 |            146 |
+-----------------------------------------------------------+---------------------------------------------------------------------------------------------------------------+-------------------------------------------------------------------------------------------+------------------+----------------+


