Copyright 1986-2018 Xilinx, Inc. All Rights Reserved.
--------------------------------------------------------------------------------------------
| Tool Version : Vivado v.2018.3 (win64) Build 2405991 Thu Dec  6 23:38:27 MST 2018
| Date         : Wed Dec  8 18:36:54 2021
| Host         : DESKTOP-CSK43KJ running 64-bit major release  (build 9200)
| Command      : report_control_sets -verbose -file HDMI_bd_wrapper_control_sets_placed.rpt
| Design       : HDMI_bd_wrapper
| Device       : xc7z020
--------------------------------------------------------------------------------------------

Control Set Information

Table of Contents
-----------------
1. Summary
2. Histogram
3. Flip-Flop Distribution
4. Detailed Control Set Information

1. Summary
----------

+----------------------------------------------------------+-------+
|                          Status                          | Count |
+----------------------------------------------------------+-------+
| Number of unique control sets                            |   237 |
| Unused register locations in slices containing registers |  1479 |
+----------------------------------------------------------+-------+


2. Histogram
------------

+--------+--------------+
| Fanout | Control Sets |
+--------+--------------+
|      1 |          188 |
|      2 |            5 |
|      4 |            3 |
|      5 |           11 |
|      7 |            3 |
|      8 |            3 |
|      9 |            1 |
|     10 |            1 |
|     11 |            4 |
|     12 |            1 |
|    16+ |           17 |
+--------+--------------+


3. Flip-Flop Distribution
-------------------------

+--------------+-----------------------+------------------------+-----------------+--------------+
| Clock Enable | Synchronous Set/Reset | Asynchronous Set/Reset | Total Registers | Total Slices |
+--------------+-----------------------+------------------------+-----------------+--------------+
| No           | No                    | No                     |             327 |           98 |
| No           | No                    | Yes                    |             325 |          131 |
| No           | Yes                   | No                     |             174 |          102 |
| Yes          | No                    | No                     |             109 |           33 |
| Yes          | No                    | Yes                    |              93 |           68 |
| Yes          | Yes                   | No                     |             181 |           43 |
+--------------+-----------------------+------------------------+-----------------+--------------+


4. Detailed Control Set Information
-----------------------------------

+-------------------------------------------------------------------+---------------------------------------------------------------------------------------------------------------+-------------------------------------------------------------------------------------------+------------------+----------------+
|                            Clock Signal                           |                                                 Enable Signal                                                 |                                      Set/Reset Signal                                     | Slice Load Count | Bel Load Count |
+-------------------------------------------------------------------+---------------------------------------------------------------------------------------------------------------+-------------------------------------------------------------------------------------------+------------------+----------------+
|  HDMI_bd_i/Encryption_0/U0/key_int_reg[14]_LDC_i_1_n_0            |                                                                                                               | HDMI_bd_i/Encryption_0/U0/key_int_reg[14]_LDC_i_2_n_0                                     |                1 |              1 |
|  HDMI_bd_i/Encryption_0/U0/key_int_reg[16]_LDC_i_1_n_0            |                                                                                                               | HDMI_bd_i/Encryption_0/U0/key_int_reg[16]_LDC_i_2_n_0                                     |                1 |              1 |
|  HDMI_bd_i/Encryption_0/U0/key_int_reg[10]_LDC_i_1_n_0            |                                                                                                               | HDMI_bd_i/Encryption_0/U0/key_int_reg[10]_LDC_i_2_n_0                                     |                1 |              1 |
|  HDMI_bd_i/Encryption_0/U0/key_int_reg[12]_LDC_i_1_n_0            |                                                                                                               | HDMI_bd_i/Encryption_0/U0/key_int_reg[12]_LDC_i_2_n_0                                     |                1 |              1 |
|  HDMI_bd_i/Encryption_0/U0/key_int_reg[15]_LDC_i_1_n_0            |                                                                                                               | HDMI_bd_i/Encryption_0/U0/key_int_reg[15]_LDC_i_2_n_0                                     |                1 |              1 |
|  HDMI_bd_i/Encryption_0/U0/key_int_reg[11]_LDC_i_1_n_0            |                                                                                                               | HDMI_bd_i/Encryption_0/U0/key_int_reg[11]_LDC_i_2_n_0                                     |                1 |              1 |
|  HDMI_bd_i/Encryption_0/U0/key_int_reg[17]_LDC_i_1_n_0            |                                                                                                               | HDMI_bd_i/Encryption_0/U0/key_int_reg[17]_LDC_i_2_n_0                                     |                1 |              1 |
|  HDMI_bd_i/Encryption_0/U0/key_int_reg[13]_LDC_i_1_n_0            |                                                                                                               | HDMI_bd_i/Encryption_0/U0/key_int_reg[13]_LDC_i_2_n_0                                     |                1 |              1 |
|  HDMI_bd_i/Encryption_0/U0/key_int_reg[0]_LDC_i_1_n_0             |                                                                                                               | HDMI_bd_i/Encryption_0/U0/key_int_reg[0]_LDC_i_2_n_0                                      |                1 |              1 |
|  HDMI_bd_i/Encryption_0/U0/key_int_reg[21]_LDC_i_1_n_0            |                                                                                                               | HDMI_bd_i/Encryption_0/U0/key_int_reg[21]_LDC_i_2_n_0                                     |                1 |              1 |
|  HDMI_bd_i/Encryption_0/U0/key_int_reg[26]_LDC_i_1_n_0            |                                                                                                               | HDMI_bd_i/Encryption_0/U0/key_int_reg[26]_LDC_i_2_n_0                                     |                1 |              1 |
|  HDMI_bd_i/Encryption_0/U0/key_int_reg[24]_LDC_i_1_n_0            |                                                                                                               | HDMI_bd_i/Encryption_0/U0/key_int_reg[24]_LDC_i_2_n_0                                     |                1 |              1 |
|  HDMI_bd_i/Encryption_0/U0/key_int_reg[27]_LDC_i_1_n_0            |                                                                                                               | HDMI_bd_i/Encryption_0/U0/key_int_reg[27]_LDC_i_2_n_0                                     |                1 |              1 |
|  HDMI_bd_i/Encryption_0/U0/key_int_reg[19]_LDC_i_1_n_0            |                                                                                                               | HDMI_bd_i/Encryption_0/U0/key_int_reg[19]_LDC_i_2_n_0                                     |                1 |              1 |
|  HDMI_bd_i/Encryption_0/U0/key_int_reg[1]_LDC_i_1_n_0             |                                                                                                               | HDMI_bd_i/Encryption_0/U0/key_int_reg[1]_LDC_i_2_n_0                                      |                1 |              1 |
|  HDMI_bd_i/Encryption_0/U0/key_int_reg[18]_LDC_i_1_n_0            |                                                                                                               | HDMI_bd_i/Encryption_0/U0/key_int_reg[18]_LDC_i_2_n_0                                     |                1 |              1 |
|  HDMI_bd_i/Encryption_0/U0/key_int_reg[20]_LDC_i_1_n_0            |                                                                                                               | HDMI_bd_i/Encryption_0/U0/key_int_reg[20]_LDC_i_2_n_0                                     |                1 |              1 |
|  HDMI_bd_i/Encryption_0/U0/key_int_reg[22]_LDC_i_1_n_0            |                                                                                                               | HDMI_bd_i/Encryption_0/U0/key_int_reg[22]_LDC_i_2_n_0                                     |                1 |              1 |
|  HDMI_bd_i/Encryption_0/U0/key_int_reg[28]_LDC_i_1_n_0            |                                                                                                               | HDMI_bd_i/Encryption_0/U0/key_int_reg[28]_LDC_i_2_n_0                                     |                1 |              1 |
|  HDMI_bd_i/Encryption_0/U0/key_int_reg[29]_LDC_i_1_n_0            |                                                                                                               | HDMI_bd_i/Encryption_0/U0/key_int_reg[29]_LDC_i_2_n_0                                     |                1 |              1 |
|  HDMI_bd_i/Encryption_0/U0/key_int_reg[23]_LDC_i_1_n_0            |                                                                                                               | HDMI_bd_i/Encryption_0/U0/key_int_reg[23]_LDC_i_2_n_0                                     |                1 |              1 |
|  HDMI_bd_i/Encryption_0/U0/key_int_reg[25]_LDC_i_1_n_0            |                                                                                                               | HDMI_bd_i/Encryption_0/U0/key_int_reg[25]_LDC_i_2_n_0                                     |                1 |              1 |
|  HDMI_bd_i/Encryption_0/U0/key_int_reg[6]_LDC_i_1_n_0             |                                                                                                               | HDMI_bd_i/Encryption_0/U0/key_int_reg[6]_LDC_i_2_n_0                                      |                1 |              1 |
|  HDMI_bd_i/Encryption_0/U0/key_int_reg[7]_LDC_i_1_n_0             |                                                                                                               | HDMI_bd_i/Encryption_0/U0/key_int_reg[7]_LDC_i_2_n_0                                      |                1 |              1 |
|  HDMI_bd_i/Encryption_0/U0/key_int_reg[30]_LDC_i_1_n_0            |                                                                                                               | HDMI_bd_i/Encryption_0/U0/key_int_reg[30]_LDC_i_2_n_0                                     |                1 |              1 |
|  HDMI_bd_i/Encryption_0/U0/key_int_reg[3]_LDC_i_1_n_0             |                                                                                                               | HDMI_bd_i/Encryption_0/U0/key_int_reg[3]_LDC_i_2_n_0                                      |                1 |              1 |
|  HDMI_bd_i/Encryption_0/U0/key_int_reg[2]_LDC_i_1_n_0             |                                                                                                               | HDMI_bd_i/Encryption_0/U0/key_int_reg[2]_LDC_i_2_n_0                                      |                1 |              1 |
|  HDMI_bd_i/Encryption_0/U0/key_int_reg[5]_LDC_i_1_n_0             |                                                                                                               | HDMI_bd_i/Encryption_0/U0/key_int_reg[5]_LDC_i_2_n_0                                      |                1 |              1 |
|  HDMI_bd_i/Encryption_0/U0/key_int_reg[8]_LDC_i_1_n_0             |                                                                                                               | HDMI_bd_i/Encryption_0/U0/key_int_reg[8]_LDC_i_2_n_0                                      |                1 |              1 |
|  HDMI_bd_i/Encryption_0/U0/key_int_reg[9]_LDC_i_1_n_0             |                                                                                                               | HDMI_bd_i/Encryption_0/U0/key_int_reg[9]_LDC_i_2_n_0                                      |                1 |              1 |
|  HDMI_bd_i/Encryption_0/U0/key_int_reg[4]_LDC_i_1_n_0             |                                                                                                               | HDMI_bd_i/Encryption_0/U0/key_int_reg[4]_LDC_i_2_n_0                                      |                1 |              1 |
|  HDMI_bd_i/Decryption_0/U0/key_int_reg[18]_LDC_i_1_n_0            |                                                                                                               | HDMI_bd_i/Decryption_0/U0/key_int_reg[18]_LDC_i_2_n_0                                     |                1 |              1 |
|  HDMI_bd_i/Decryption_0/U0/key_int_reg[19]_LDC_i_1_n_0            |                                                                                                               | HDMI_bd_i/Decryption_0/U0/key_int_reg[19]_LDC_i_2_n_0                                     |                1 |              1 |
|  HDMI_bd_i/Decryption_0/U0/key_int_reg[17]_LDC_i_1_n_0            |                                                                                                               | HDMI_bd_i/Decryption_0/U0/key_int_reg[17]_LDC_i_2_n_0                                     |                1 |              1 |
|  HDMI_bd_i/Decryption_0/U0/key_int_reg[15]_LDC_i_1_n_0            |                                                                                                               | HDMI_bd_i/Decryption_0/U0/key_int_reg[15]_LDC_i_2_n_0                                     |                1 |              1 |
|  HDMI_bd_i/Decryption_0/U0/key_int_reg[0]_LDC_i_1_n_0             |                                                                                                               | HDMI_bd_i/Decryption_0/U0/key_int_reg[0]_LDC_i_2_n_0                                      |                1 |              1 |
|  HDMI_bd_i/Decryption_0/U0/key_int_reg[11]_LDC_i_1_n_0            |                                                                                                               | HDMI_bd_i/Decryption_0/U0/key_int_reg[11]_LDC_i_2_n_0                                     |                1 |              1 |
|  HDMI_bd_i/Decryption_0/U0/key_int_reg[13]_LDC_i_1_n_0            |                                                                                                               | HDMI_bd_i/Decryption_0/U0/key_int_reg[13]_LDC_i_2_n_0                                     |                1 |              1 |
|  HDMI_bd_i/Decryption_0/U0/key_int_reg[12]_LDC_i_1_n_0            |                                                                                                               | HDMI_bd_i/Decryption_0/U0/key_int_reg[12]_LDC_i_2_n_0                                     |                1 |              1 |
|  HDMI_bd_i/Decryption_0/U0/key_int_reg[16]_LDC_i_1_n_0            |                                                                                                               | HDMI_bd_i/Decryption_0/U0/key_int_reg[16]_LDC_i_2_n_0                                     |                1 |              1 |
|  HDMI_bd_i/Decryption_0/U0/key_int_reg[10]_LDC_i_1_n_0            |                                                                                                               | HDMI_bd_i/Decryption_0/U0/key_int_reg[10]_LDC_i_2_n_0                                     |                1 |              1 |
|  HDMI_bd_i/Decryption_0/U0/key_int_reg[14]_LDC_i_1_n_0            |                                                                                                               | HDMI_bd_i/Decryption_0/U0/key_int_reg[14]_LDC_i_2_n_0                                     |                1 |              1 |
|  HDMI_bd_i/Decryption_0/U0/key_int_reg[23]_LDC_i_1_n_0            |                                                                                                               | HDMI_bd_i/Decryption_0/U0/key_int_reg[23]_LDC_i_2_n_0                                     |                1 |              1 |
|  HDMI_bd_i/Decryption_0/U0/key_int_reg[26]_LDC_i_1_n_0            |                                                                                                               | HDMI_bd_i/Decryption_0/U0/key_int_reg[26]_LDC_i_2_n_0                                     |                1 |              1 |
|  HDMI_bd_i/Decryption_0/U0/key_int_reg[20]_LDC_i_1_n_0            |                                                                                                               | HDMI_bd_i/Decryption_0/U0/key_int_reg[20]_LDC_i_2_n_0                                     |                1 |              1 |
|  HDMI_bd_i/Decryption_0/U0/key_int_reg[27]_LDC_i_1_n_0            |                                                                                                               | HDMI_bd_i/Decryption_0/U0/key_int_reg[27]_LDC_i_2_n_0                                     |                1 |              1 |
|  HDMI_bd_i/Decryption_0/U0/key_int_reg[1]_LDC_i_1_n_0             |                                                                                                               | HDMI_bd_i/Decryption_0/U0/key_int_reg[1]_LDC_i_2_n_0                                      |                1 |              1 |
|  HDMI_bd_i/Decryption_0/U0/key_int_reg[24]_LDC_i_1_n_0            |                                                                                                               | HDMI_bd_i/Decryption_0/U0/key_int_reg[24]_LDC_i_2_n_0                                     |                1 |              1 |
|  HDMI_bd_i/Decryption_0/U0/key_int_reg[25]_LDC_i_1_n_0            |                                                                                                               | HDMI_bd_i/Decryption_0/U0/key_int_reg[25]_LDC_i_2_n_0                                     |                1 |              1 |
|  HDMI_bd_i/Decryption_0/U0/key_int_reg[21]_LDC_i_1_n_0            |                                                                                                               | HDMI_bd_i/Decryption_0/U0/key_int_reg[21]_LDC_i_2_n_0                                     |                1 |              1 |
|  HDMI_bd_i/Decryption_0/U0/key_int_reg[2]_LDC_i_1_n_0             |                                                                                                               | HDMI_bd_i/Decryption_0/U0/key_int_reg[2]_LDC_i_2_n_0                                      |                1 |              1 |
|  HDMI_bd_i/Decryption_0/U0/key_int_reg[22]_LDC_i_1_n_0            |                                                                                                               | HDMI_bd_i/Decryption_0/U0/key_int_reg[22]_LDC_i_2_n_0                                     |                1 |              1 |
|  HDMI_bd_i/Decryption_0/U0/key_int_reg[28]_LDC_i_1_n_0            |                                                                                                               | HDMI_bd_i/Decryption_0/U0/key_int_reg[28]_LDC_i_2_n_0                                     |                1 |              1 |
|  HDMI_bd_i/Decryption_0/U0/key_int_reg[29]_LDC_i_1_n_0            |                                                                                                               | HDMI_bd_i/Decryption_0/U0/key_int_reg[29]_LDC_i_2_n_0                                     |                1 |              1 |
|  HDMI_bd_i/Decryption_0/U0/key_int_reg[4]_LDC_i_1_n_0             |                                                                                                               | HDMI_bd_i/Decryption_0/U0/key_int_reg[4]_LDC_i_2_n_0                                      |                1 |              1 |
|  HDMI_bd_i/Decryption_0/U0/key_int_reg[3]_LDC_i_1_n_0             |                                                                                                               | HDMI_bd_i/Decryption_0/U0/key_int_reg[3]_LDC_i_2_n_0                                      |                1 |              1 |
|  HDMI_bd_i/Decryption_0/U0/key_int_reg[30]_LDC_i_1_n_0            |                                                                                                               | HDMI_bd_i/Decryption_0/U0/key_int_reg[30]_LDC_i_2_n_0                                     |                1 |              1 |
|  HDMI_bd_i/Decryption_0/U0/key_int_reg[8]_LDC_i_1_n_0             |                                                                                                               | HDMI_bd_i/Decryption_0/U0/key_int_reg[8]_LDC_i_2_n_0                                      |                1 |              1 |
|  HDMI_bd_i/Decryption_0/U0/key_int_reg[9]_LDC_i_1_n_0             |                                                                                                               | HDMI_bd_i/Decryption_0/U0/key_int_reg[9]_LDC_i_2_n_0                                      |                1 |              1 |
|  HDMI_bd_i/Decryption_0/U0/key_int_reg[5]_LDC_i_1_n_0             |                                                                                                               | HDMI_bd_i/Decryption_0/U0/key_int_reg[5]_LDC_i_2_n_0                                      |                1 |              1 |
|  HDMI_bd_i/Decryption_0/U0/key_int_reg[7]_LDC_i_1_n_0             |                                                                                                               | HDMI_bd_i/Decryption_0/U0/key_int_reg[7]_LDC_i_2_n_0                                      |                1 |              1 |
|  HDMI_bd_i/Decryption_0/U0/key_int_reg[6]_LDC_i_1_n_0             |                                                                                                               | HDMI_bd_i/Decryption_0/U0/key_int_reg[6]_LDC_i_2_n_0                                      |                1 |              1 |
|  HDMI_bd_i/dvi2rgb_0/U0/GenerateBUFG.ResyncToBUFG_X/CLK           | Enable_encryption_IBUF                                                                                        | HDMI_bd_i/Decryption_0/U0/key_int_reg[25]_LDC_i_1_n_0                                     |                1 |              1 |
|  HDMI_bd_i/dvi2rgb_0/U0/GenerateBUFG.ResyncToBUFG_X/CLK           | Enable_encryption_IBUF                                                                                        | HDMI_bd_i/Decryption_0/U0/key_int_reg[21]_LDC_i_1_n_0                                     |                1 |              1 |
|  HDMI_bd_i/clk_wiz_0/inst/clk_out1                                |                                                                                                               | HDMI_bd_i/dvi2rgb_0/U0/TMDS_ClockingX/RdyLostReset/SyncAsyncx/oSyncStages[1]              |                1 |              1 |
|  HDMI_bd_i/dvi2rgb_0/U0/GenerateBUFG.ResyncToBUFG_X/CLK           | Enable_encryption_IBUF                                                                                        | HDMI_bd_i/Decryption_0/U0/key_int_reg[2]_LDC_i_1_n_0                                      |                1 |              1 |
|  HDMI_bd_i/dvi2rgb_0/U0/GenerateBUFG.ResyncToBUFG_X/CLK           | Enable_encryption_IBUF                                                                                        | HDMI_bd_i/Decryption_0/U0/key_int_reg[22]_LDC_i_1_n_0                                     |                1 |              1 |
|  HDMI_bd_i/dvi2rgb_0/U0/GenerateBUFG.ResyncToBUFG_X/CLK           | Enable_encryption_IBUF                                                                                        | HDMI_bd_i/Decryption_0/U0/key_int_reg[28]_LDC_i_1_n_0                                     |                1 |              1 |
|  HDMI_bd_i/dvi2rgb_0/U0/GenerateBUFG.ResyncToBUFG_X/CLK           | Enable_encryption_IBUF                                                                                        | HDMI_bd_i/Decryption_0/U0/key_int_reg[29]_LDC_i_1_n_0                                     |                1 |              1 |
|  HDMI_bd_i/dvi2rgb_0/U0/GenerateBUFG.ResyncToBUFG_X/CLK           | Enable_encryption_IBUF                                                                                        | HDMI_bd_i/Decryption_0/U0/key_int_reg[4]_LDC_i_1_n_0                                      |                1 |              1 |
|  HDMI_bd_i/dvi2rgb_0/U0/GenerateBUFG.ResyncToBUFG_X/CLK           | Enable_encryption_IBUF                                                                                        | HDMI_bd_i/Decryption_0/U0/key_int_reg[3]_LDC_i_1_n_0                                      |                1 |              1 |
|  HDMI_bd_i/dvi2rgb_0/U0/GenerateBUFG.ResyncToBUFG_X/CLK           | Enable_encryption_IBUF                                                                                        | HDMI_bd_i/Decryption_0/U0/key_int_reg[30]_LDC_i_1_n_0                                     |                1 |              1 |
|  HDMI_bd_i/dvi2rgb_0/U0/GenerateBUFG.ResyncToBUFG_X/CLK           | Enable_encryption_IBUF                                                                                        | HDMI_bd_i/Decryption_0/U0/key_int_reg[8]_LDC_i_1_n_0                                      |                1 |              1 |
|  HDMI_bd_i/dvi2rgb_0/U0/GenerateBUFG.ResyncToBUFG_X/CLK           | Enable_encryption_IBUF                                                                                        | HDMI_bd_i/Decryption_0/U0/key_int_reg[9]_LDC_i_1_n_0                                      |                1 |              1 |
|  HDMI_bd_i/dvi2rgb_0/U0/GenerateBUFG.ResyncToBUFG_X/CLK           | Enable_encryption_IBUF                                                                                        | HDMI_bd_i/Decryption_0/U0/key_int_reg[5]_LDC_i_1_n_0                                      |                1 |              1 |
|  HDMI_bd_i/dvi2rgb_0/U0/GenerateBUFG.ResyncToBUFG_X/CLK           | Enable_encryption_IBUF                                                                                        | HDMI_bd_i/Decryption_0/U0/key_int_reg[7]_LDC_i_1_n_0                                      |                1 |              1 |
|  HDMI_bd_i/dvi2rgb_0/U0/GenerateBUFG.ResyncToBUFG_X/CLK           | Enable_encryption_IBUF                                                                                        | HDMI_bd_i/Decryption_0/U0/key_int_reg[6]_LDC_i_1_n_0                                      |                1 |              1 |
|  HDMI_bd_i/dvi2rgb_0/U0/TMDS_ClockingX/rMMCM_LckdRisingFlag_reg_0 |                                                                                                               | HDMI_bd_i/dvi2rgb_0/U0/DataDecoders[2].DecoderX/PhaseAlignX/pIDLY_LD_i_1_n_0              |                1 |              1 |
|  HDMI_bd_i/dvi2rgb_0/U0/GenerateBUFG.ResyncToBUFG_X/CLK           |                                                                                                               | HDMI_bd_i/Encryption_0/U0/key_int_reg[12]_LDC_i_2_n_0                                     |                1 |              1 |
|  HDMI_bd_i/dvi2rgb_0/U0/GenerateBUFG.ResyncToBUFG_X/CLK           |                                                                                                               | HDMI_bd_i/Encryption_0/U0/key_int_reg[15]_LDC_i_2_n_0                                     |                1 |              1 |
|  HDMI_bd_i/dvi2rgb_0/U0/GenerateBUFG.ResyncToBUFG_X/CLK           |                                                                                                               | HDMI_bd_i/Encryption_0/U0/key_int_reg[10]_LDC_i_2_n_0                                     |                1 |              1 |
|  HDMI_bd_i/dvi2rgb_0/U0/GenerateBUFG.ResyncToBUFG_X/CLK           |                                                                                                               | HDMI_bd_i/Encryption_0/U0/key_int_reg[11]_LDC_i_2_n_0                                     |                1 |              1 |
|  HDMI_bd_i/dvi2rgb_0/U0/GenerateBUFG.ResyncToBUFG_X/CLK           |                                                                                                               | HDMI_bd_i/Encryption_0/U0/key_int_reg[16]_LDC_i_2_n_0                                     |                1 |              1 |
|  HDMI_bd_i/dvi2rgb_0/U0/GenerateBUFG.ResyncToBUFG_X/CLK           |                                                                                                               | HDMI_bd_i/Encryption_0/U0/key_int_reg[17]_LDC_i_2_n_0                                     |                1 |              1 |
|  HDMI_bd_i/dvi2rgb_0/U0/GenerateBUFG.ResyncToBUFG_X/CLK           |                                                                                                               | HDMI_bd_i/Encryption_0/U0/key_int_reg[0]_LDC_i_2_n_0                                      |                1 |              1 |
|  HDMI_bd_i/dvi2rgb_0/U0/GenerateBUFG.ResyncToBUFG_X/CLK           |                                                                                                               | HDMI_bd_i/Encryption_0/U0/key_int_reg[14]_LDC_i_2_n_0                                     |                1 |              1 |
|  HDMI_bd_i/dvi2rgb_0/U0/GenerateBUFG.ResyncToBUFG_X/CLK           |                                                                                                               | HDMI_bd_i/Encryption_0/U0/key_int_reg[13]_LDC_i_2_n_0                                     |                1 |              1 |
|  HDMI_bd_i/dvi2rgb_0/U0/GenerateBUFG.ResyncToBUFG_X/CLK           |                                                                                                               | HDMI_bd_i/Encryption_0/U0/key_int_reg[29]_LDC_i_2_n_0                                     |                1 |              1 |
|  HDMI_bd_i/dvi2rgb_0/U0/GenerateBUFG.ResyncToBUFG_X/CLK           |                                                                                                               | HDMI_bd_i/Encryption_0/U0/key_int_reg[19]_LDC_i_2_n_0                                     |                1 |              1 |
|  HDMI_bd_i/dvi2rgb_0/U0/GenerateBUFG.ResyncToBUFG_X/CLK           |                                                                                                               | HDMI_bd_i/Encryption_0/U0/key_int_reg[22]_LDC_i_2_n_0                                     |                1 |              1 |
|  HDMI_bd_i/dvi2rgb_0/U0/GenerateBUFG.ResyncToBUFG_X/CLK           |                                                                                                               | HDMI_bd_i/Encryption_0/U0/key_int_reg[18]_LDC_i_2_n_0                                     |                1 |              1 |
|  HDMI_bd_i/dvi2rgb_0/U0/GenerateBUFG.ResyncToBUFG_X/CLK           |                                                                                                               | HDMI_bd_i/Encryption_0/U0/key_int_reg[1]_LDC_i_2_n_0                                      |                1 |              1 |
|  HDMI_bd_i/dvi2rgb_0/U0/GenerateBUFG.ResyncToBUFG_X/CLK           |                                                                                                               | HDMI_bd_i/Encryption_0/U0/key_int_reg[21]_LDC_i_2_n_0                                     |                1 |              1 |
|  HDMI_bd_i/dvi2rgb_0/U0/GenerateBUFG.ResyncToBUFG_X/CLK           |                                                                                                               | HDMI_bd_i/Encryption_0/U0/key_int_reg[26]_LDC_i_2_n_0                                     |                1 |              1 |
|  HDMI_bd_i/dvi2rgb_0/U0/GenerateBUFG.ResyncToBUFG_X/CLK           |                                                                                                               | HDMI_bd_i/Encryption_0/U0/key_int_reg[23]_LDC_i_2_n_0                                     |                1 |              1 |
|  HDMI_bd_i/dvi2rgb_0/U0/GenerateBUFG.ResyncToBUFG_X/CLK           |                                                                                                               | HDMI_bd_i/Encryption_0/U0/key_int_reg[24]_LDC_i_2_n_0                                     |                1 |              1 |
|  HDMI_bd_i/dvi2rgb_0/U0/GenerateBUFG.ResyncToBUFG_X/CLK           |                                                                                                               | HDMI_bd_i/Encryption_0/U0/key_int_reg[20]_LDC_i_2_n_0                                     |                1 |              1 |
|  HDMI_bd_i/dvi2rgb_0/U0/GenerateBUFG.ResyncToBUFG_X/CLK           |                                                                                                               | HDMI_bd_i/Encryption_0/U0/key_int_reg[25]_LDC_i_2_n_0                                     |                1 |              1 |
|  HDMI_bd_i/dvi2rgb_0/U0/GenerateBUFG.ResyncToBUFG_X/CLK           |                                                                                                               | HDMI_bd_i/Encryption_0/U0/key_int_reg[28]_LDC_i_2_n_0                                     |                1 |              1 |
|  HDMI_bd_i/dvi2rgb_0/U0/GenerateBUFG.ResyncToBUFG_X/CLK           |                                                                                                               | HDMI_bd_i/Encryption_0/U0/key_int_reg[27]_LDC_i_2_n_0                                     |                1 |              1 |
|  HDMI_bd_i/dvi2rgb_0/U0/GenerateBUFG.ResyncToBUFG_X/CLK           |                                                                                                               | HDMI_bd_i/Encryption_0/U0/key_int_reg[7]_LDC_i_2_n_0                                      |                1 |              1 |
|  HDMI_bd_i/dvi2rgb_0/U0/GenerateBUFG.ResyncToBUFG_X/CLK           |                                                                                                               | HDMI_bd_i/Encryption_0/U0/key_int_reg[30]_LDC_i_2_n_0                                     |                1 |              1 |
|  HDMI_bd_i/dvi2rgb_0/U0/GenerateBUFG.ResyncToBUFG_X/CLK           |                                                                                                               | HDMI_bd_i/Encryption_0/U0/key_int_reg[5]_LDC_i_2_n_0                                      |                1 |              1 |
|  HDMI_bd_i/dvi2rgb_0/U0/GenerateBUFG.ResyncToBUFG_X/CLK           |                                                                                                               | HDMI_bd_i/Encryption_0/U0/key_int_reg[6]_LDC_i_2_n_0                                      |                1 |              1 |
|  HDMI_bd_i/dvi2rgb_0/U0/GenerateBUFG.ResyncToBUFG_X/CLK           |                                                                                                               | HDMI_bd_i/Encryption_0/U0/key_int_reg[9]_LDC_i_2_n_0                                      |                1 |              1 |
|  HDMI_bd_i/dvi2rgb_0/U0/GenerateBUFG.ResyncToBUFG_X/CLK           |                                                                                                               | HDMI_bd_i/Encryption_0/U0/key_int_reg[2]_LDC_i_2_n_0                                      |                1 |              1 |
|  HDMI_bd_i/dvi2rgb_0/U0/GenerateBUFG.ResyncToBUFG_X/CLK           |                                                                                                               | HDMI_bd_i/Encryption_0/U0/key_int_reg[3]_LDC_i_2_n_0                                      |                1 |              1 |
|  HDMI_bd_i/dvi2rgb_0/U0/GenerateBUFG.ResyncToBUFG_X/CLK           |                                                                                                               | HDMI_bd_i/Encryption_0/U0/key_int_reg[8]_LDC_i_2_n_0                                      |                1 |              1 |
|  HDMI_bd_i/dvi2rgb_0/U0/GenerateBUFG.ResyncToBUFG_X/CLK           |                                                                                                               | HDMI_bd_i/Encryption_0/U0/key_int_reg[4]_LDC_i_2_n_0                                      |                1 |              1 |
|  HDMI_bd_i/dvi2rgb_0/U0/GenerateBUFG.ResyncToBUFG_X/CLK           |                                                                                                               | HDMI_bd_i/Decryption_0/U0/key_int_reg[0]_LDC_i_2_n_0                                      |                1 |              1 |
|  HDMI_bd_i/dvi2rgb_0/U0/GenerateBUFG.ResyncToBUFG_X/CLK           |                                                                                                               | HDMI_bd_i/Decryption_0/U0/key_int_reg[13]_LDC_i_2_n_0                                     |                1 |              1 |
|  HDMI_bd_i/dvi2rgb_0/U0/GenerateBUFG.ResyncToBUFG_X/CLK           |                                                                                                               | HDMI_bd_i/Decryption_0/U0/key_int_reg[11]_LDC_i_2_n_0                                     |                1 |              1 |
|  HDMI_bd_i/dvi2rgb_0/U0/GenerateBUFG.ResyncToBUFG_X/CLK           |                                                                                                               | HDMI_bd_i/Decryption_0/U0/key_int_reg[12]_LDC_i_2_n_0                                     |                1 |              1 |
|  HDMI_bd_i/dvi2rgb_0/U0/GenerateBUFG.ResyncToBUFG_X/CLK           |                                                                                                               | HDMI_bd_i/Decryption_0/U0/key_int_reg[10]_LDC_i_2_n_0                                     |                1 |              1 |
|  HDMI_bd_i/dvi2rgb_0/U0/GenerateBUFG.ResyncToBUFG_X/CLK           |                                                                                                               | HDMI_bd_i/Decryption_0/U0/key_int_reg[16]_LDC_i_2_n_0                                     |                1 |              1 |
|  HDMI_bd_i/dvi2rgb_0/U0/GenerateBUFG.ResyncToBUFG_X/CLK           |                                                                                                               | HDMI_bd_i/Decryption_0/U0/key_int_reg[14]_LDC_i_2_n_0                                     |                1 |              1 |
|  HDMI_bd_i/dvi2rgb_0/U0/GenerateBUFG.ResyncToBUFG_X/CLK           |                                                                                                               | HDMI_bd_i/Decryption_0/U0/key_int_reg[18]_LDC_i_2_n_0                                     |                1 |              1 |
|  HDMI_bd_i/dvi2rgb_0/U0/GenerateBUFG.ResyncToBUFG_X/CLK           |                                                                                                               | HDMI_bd_i/Decryption_0/U0/key_int_reg[17]_LDC_i_2_n_0                                     |                1 |              1 |
|  HDMI_bd_i/dvi2rgb_0/U0/GenerateBUFG.ResyncToBUFG_X/CLK           |                                                                                                               | HDMI_bd_i/Decryption_0/U0/key_int_reg[15]_LDC_i_2_n_0                                     |                1 |              1 |
|  HDMI_bd_i/dvi2rgb_0/U0/GenerateBUFG.ResyncToBUFG_X/CLK           |                                                                                                               | HDMI_bd_i/Decryption_0/U0/key_int_reg[29]_LDC_i_2_n_0                                     |                1 |              1 |
|  HDMI_bd_i/dvi2rgb_0/U0/GenerateBUFG.ResyncToBUFG_X/CLK           |                                                                                                               | HDMI_bd_i/Decryption_0/U0/key_int_reg[25]_LDC_i_2_n_0                                     |                1 |              1 |
|  HDMI_bd_i/dvi2rgb_0/U0/GenerateBUFG.ResyncToBUFG_X/CLK           |                                                                                                               | HDMI_bd_i/Decryption_0/U0/key_int_reg[23]_LDC_i_2_n_0                                     |                1 |              1 |
|  HDMI_bd_i/dvi2rgb_0/U0/GenerateBUFG.ResyncToBUFG_X/CLK           |                                                                                                               | HDMI_bd_i/Decryption_0/U0/key_int_reg[2]_LDC_i_2_n_0                                      |                1 |              1 |
|  HDMI_bd_i/dvi2rgb_0/U0/GenerateBUFG.ResyncToBUFG_X/CLK           |                                                                                                               | HDMI_bd_i/Decryption_0/U0/key_int_reg[20]_LDC_i_2_n_0                                     |                1 |              1 |
|  HDMI_bd_i/dvi2rgb_0/U0/GenerateBUFG.ResyncToBUFG_X/CLK           |                                                                                                               | HDMI_bd_i/Decryption_0/U0/key_int_reg[24]_LDC_i_2_n_0                                     |                1 |              1 |
|  HDMI_bd_i/dvi2rgb_0/U0/GenerateBUFG.ResyncToBUFG_X/CLK           |                                                                                                               | HDMI_bd_i/Decryption_0/U0/key_int_reg[26]_LDC_i_2_n_0                                     |                1 |              1 |
|  HDMI_bd_i/dvi2rgb_0/U0/GenerateBUFG.ResyncToBUFG_X/CLK           |                                                                                                               | HDMI_bd_i/Decryption_0/U0/key_int_reg[1]_LDC_i_2_n_0                                      |                1 |              1 |
|  HDMI_bd_i/dvi2rgb_0/U0/GenerateBUFG.ResyncToBUFG_X/CLK           |                                                                                                               | HDMI_bd_i/Decryption_0/U0/key_int_reg[27]_LDC_i_2_n_0                                     |                1 |              1 |
|  HDMI_bd_i/dvi2rgb_0/U0/GenerateBUFG.ResyncToBUFG_X/CLK           |                                                                                                               | HDMI_bd_i/Decryption_0/U0/key_int_reg[19]_LDC_i_2_n_0                                     |                1 |              1 |
|  HDMI_bd_i/dvi2rgb_0/U0/GenerateBUFG.ResyncToBUFG_X/CLK           |                                                                                                               | HDMI_bd_i/Decryption_0/U0/key_int_reg[28]_LDC_i_2_n_0                                     |                1 |              1 |
|  HDMI_bd_i/dvi2rgb_0/U0/GenerateBUFG.ResyncToBUFG_X/CLK           |                                                                                                               | HDMI_bd_i/Decryption_0/U0/key_int_reg[22]_LDC_i_2_n_0                                     |                1 |              1 |
|  HDMI_bd_i/dvi2rgb_0/U0/GenerateBUFG.ResyncToBUFG_X/CLK           |                                                                                                               | HDMI_bd_i/Decryption_0/U0/key_int_reg[21]_LDC_i_2_n_0                                     |                1 |              1 |
|  HDMI_bd_i/dvi2rgb_0/U0/GenerateBUFG.ResyncToBUFG_X/CLK           |                                                                                                               | HDMI_bd_i/Decryption_0/U0/key_int_reg[5]_LDC_i_2_n_0                                      |                1 |              1 |
|  HDMI_bd_i/dvi2rgb_0/U0/GenerateBUFG.ResyncToBUFG_X/CLK           |                                                                                                               | HDMI_bd_i/Decryption_0/U0/key_int_reg[7]_LDC_i_2_n_0                                      |                1 |              1 |
|  HDMI_bd_i/dvi2rgb_0/U0/GenerateBUFG.ResyncToBUFG_X/CLK           |                                                                                                               | HDMI_bd_i/Decryption_0/U0/key_int_reg[6]_LDC_i_2_n_0                                      |                1 |              1 |
|  HDMI_bd_i/dvi2rgb_0/U0/GenerateBUFG.ResyncToBUFG_X/CLK           |                                                                                                               | HDMI_bd_i/Decryption_0/U0/key_int_reg[9]_LDC_i_2_n_0                                      |                1 |              1 |
|  HDMI_bd_i/dvi2rgb_0/U0/GenerateBUFG.ResyncToBUFG_X/CLK           |                                                                                                               | HDMI_bd_i/Decryption_0/U0/key_int_reg[4]_LDC_i_2_n_0                                      |                1 |              1 |
|  HDMI_bd_i/dvi2rgb_0/U0/GenerateBUFG.ResyncToBUFG_X/CLK           |                                                                                                               | HDMI_bd_i/Decryption_0/U0/key_int_reg[30]_LDC_i_2_n_0                                     |                1 |              1 |
|  HDMI_bd_i/dvi2rgb_0/U0/GenerateBUFG.ResyncToBUFG_X/CLK           |                                                                                                               | HDMI_bd_i/Decryption_0/U0/key_int_reg[8]_LDC_i_2_n_0                                      |                1 |              1 |
|  HDMI_bd_i/dvi2rgb_0/U0/GenerateBUFG.ResyncToBUFG_X/CLK           |                                                                                                               | HDMI_bd_i/Decryption_0/U0/key_int_reg[3]_LDC_i_2_n_0                                      |                1 |              1 |
|  HDMI_bd_i/dvi2rgb_0/U0/GenerateBUFG.ResyncToBUFG_X/CLK           | Enable_encryption_IBUF                                                                                        | HDMI_bd_i/Encryption_0/U0/key_int_reg[14]_LDC_i_1_n_0                                     |                1 |              1 |
|  HDMI_bd_i/dvi2rgb_0/U0/GenerateBUFG.ResyncToBUFG_X/CLK           | Enable_encryption_IBUF                                                                                        | HDMI_bd_i/Encryption_0/U0/key_int_reg[16]_LDC_i_1_n_0                                     |                1 |              1 |
|  HDMI_bd_i/dvi2rgb_0/U0/GenerateBUFG.ResyncToBUFG_X/CLK           | Enable_encryption_IBUF                                                                                        | HDMI_bd_i/Encryption_0/U0/key_int_reg[10]_LDC_i_1_n_0                                     |                1 |              1 |
|  HDMI_bd_i/dvi2rgb_0/U0/GenerateBUFG.ResyncToBUFG_X/CLK           | Enable_encryption_IBUF                                                                                        | HDMI_bd_i/Encryption_0/U0/key_int_reg[12]_LDC_i_1_n_0                                     |                1 |              1 |
|  HDMI_bd_i/dvi2rgb_0/U0/GenerateBUFG.ResyncToBUFG_X/CLK           | Enable_encryption_IBUF                                                                                        | HDMI_bd_i/Encryption_0/U0/key_int_reg[15]_LDC_i_1_n_0                                     |                1 |              1 |
|  HDMI_bd_i/dvi2rgb_0/U0/GenerateBUFG.ResyncToBUFG_X/CLK           | Enable_encryption_IBUF                                                                                        | HDMI_bd_i/Encryption_0/U0/key_int_reg[11]_LDC_i_1_n_0                                     |                1 |              1 |
|  HDMI_bd_i/dvi2rgb_0/U0/GenerateBUFG.ResyncToBUFG_X/CLK           | Enable_encryption_IBUF                                                                                        | HDMI_bd_i/Encryption_0/U0/key_int_reg[17]_LDC_i_1_n_0                                     |                1 |              1 |
|  HDMI_bd_i/dvi2rgb_0/U0/GenerateBUFG.ResyncToBUFG_X/CLK           | Enable_encryption_IBUF                                                                                        | HDMI_bd_i/Encryption_0/U0/key_int_reg[13]_LDC_i_1_n_0                                     |                1 |              1 |
|  HDMI_bd_i/dvi2rgb_0/U0/GenerateBUFG.ResyncToBUFG_X/CLK           | Enable_encryption_IBUF                                                                                        | HDMI_bd_i/Encryption_0/U0/key_int_reg[0]_LDC_i_1_n_0                                      |                1 |              1 |
|  HDMI_bd_i/dvi2rgb_0/U0/GenerateBUFG.ResyncToBUFG_X/CLK           | Enable_encryption_IBUF                                                                                        | HDMI_bd_i/Encryption_0/U0/key_int_reg[21]_LDC_i_1_n_0                                     |                1 |              1 |
|  HDMI_bd_i/dvi2rgb_0/U0/GenerateBUFG.ResyncToBUFG_X/CLK           | Enable_encryption_IBUF                                                                                        | HDMI_bd_i/Encryption_0/U0/key_int_reg[26]_LDC_i_1_n_0                                     |                1 |              1 |
|  HDMI_bd_i/dvi2rgb_0/U0/GenerateBUFG.ResyncToBUFG_X/CLK           | Enable_encryption_IBUF                                                                                        | HDMI_bd_i/Encryption_0/U0/key_int_reg[24]_LDC_i_1_n_0                                     |                1 |              1 |
|  HDMI_bd_i/dvi2rgb_0/U0/GenerateBUFG.ResyncToBUFG_X/CLK           | Enable_encryption_IBUF                                                                                        | HDMI_bd_i/Encryption_0/U0/key_int_reg[27]_LDC_i_1_n_0                                     |                1 |              1 |
|  HDMI_bd_i/dvi2rgb_0/U0/GenerateBUFG.ResyncToBUFG_X/CLK           | Enable_encryption_IBUF                                                                                        | HDMI_bd_i/Encryption_0/U0/key_int_reg[19]_LDC_i_1_n_0                                     |                1 |              1 |
|  HDMI_bd_i/dvi2rgb_0/U0/GenerateBUFG.ResyncToBUFG_X/CLK           | Enable_encryption_IBUF                                                                                        | HDMI_bd_i/Encryption_0/U0/key_int_reg[1]_LDC_i_1_n_0                                      |                1 |              1 |
|  HDMI_bd_i/dvi2rgb_0/U0/GenerateBUFG.ResyncToBUFG_X/CLK           | Enable_encryption_IBUF                                                                                        | HDMI_bd_i/Encryption_0/U0/key_int_reg[18]_LDC_i_1_n_0                                     |                1 |              1 |
|  HDMI_bd_i/dvi2rgb_0/U0/GenerateBUFG.ResyncToBUFG_X/CLK           | Enable_encryption_IBUF                                                                                        | HDMI_bd_i/Encryption_0/U0/key_int_reg[20]_LDC_i_1_n_0                                     |                1 |              1 |
|  HDMI_bd_i/dvi2rgb_0/U0/GenerateBUFG.ResyncToBUFG_X/CLK           | Enable_encryption_IBUF                                                                                        | HDMI_bd_i/Encryption_0/U0/key_int_reg[22]_LDC_i_1_n_0                                     |                1 |              1 |
|  HDMI_bd_i/dvi2rgb_0/U0/GenerateBUFG.ResyncToBUFG_X/CLK           | Enable_encryption_IBUF                                                                                        | HDMI_bd_i/Encryption_0/U0/key_int_reg[28]_LDC_i_1_n_0                                     |                1 |              1 |
|  HDMI_bd_i/dvi2rgb_0/U0/GenerateBUFG.ResyncToBUFG_X/CLK           | Enable_encryption_IBUF                                                                                        | HDMI_bd_i/Encryption_0/U0/key_int_reg[29]_LDC_i_1_n_0                                     |                1 |              1 |
|  HDMI_bd_i/dvi2rgb_0/U0/GenerateBUFG.ResyncToBUFG_X/CLK           | Enable_encryption_IBUF                                                                                        | HDMI_bd_i/Encryption_0/U0/key_int_reg[23]_LDC_i_1_n_0                                     |                1 |              1 |
|  HDMI_bd_i/dvi2rgb_0/U0/GenerateBUFG.ResyncToBUFG_X/CLK           | Enable_encryption_IBUF                                                                                        | HDMI_bd_i/Encryption_0/U0/key_int_reg[25]_LDC_i_1_n_0                                     |                1 |              1 |
|  HDMI_bd_i/dvi2rgb_0/U0/GenerateBUFG.ResyncToBUFG_X/CLK           | Enable_encryption_IBUF                                                                                        | HDMI_bd_i/Encryption_0/U0/key_int_reg[6]_LDC_i_1_n_0                                      |                1 |              1 |
|  HDMI_bd_i/dvi2rgb_0/U0/GenerateBUFG.ResyncToBUFG_X/CLK           | Enable_encryption_IBUF                                                                                        | HDMI_bd_i/Encryption_0/U0/key_int_reg[7]_LDC_i_1_n_0                                      |                1 |              1 |
|  HDMI_bd_i/dvi2rgb_0/U0/GenerateBUFG.ResyncToBUFG_X/CLK           | Enable_encryption_IBUF                                                                                        | HDMI_bd_i/Encryption_0/U0/key_int_reg[30]_LDC_i_1_n_0                                     |                1 |              1 |
|  HDMI_bd_i/dvi2rgb_0/U0/GenerateBUFG.ResyncToBUFG_X/CLK           | Enable_encryption_IBUF                                                                                        | HDMI_bd_i/Encryption_0/U0/key_int_reg[3]_LDC_i_1_n_0                                      |                1 |              1 |
|  HDMI_bd_i/dvi2rgb_0/U0/GenerateBUFG.ResyncToBUFG_X/CLK           | Enable_encryption_IBUF                                                                                        | HDMI_bd_i/Encryption_0/U0/key_int_reg[2]_LDC_i_1_n_0                                      |                1 |              1 |
|  HDMI_bd_i/dvi2rgb_0/U0/GenerateBUFG.ResyncToBUFG_X/CLK           | Enable_encryption_IBUF                                                                                        | HDMI_bd_i/Encryption_0/U0/key_int_reg[5]_LDC_i_1_n_0                                      |                1 |              1 |
|  HDMI_bd_i/dvi2rgb_0/U0/GenerateBUFG.ResyncToBUFG_X/CLK           | Enable_encryption_IBUF                                                                                        | HDMI_bd_i/Encryption_0/U0/key_int_reg[8]_LDC_i_1_n_0                                      |                1 |              1 |
|  HDMI_bd_i/dvi2rgb_0/U0/GenerateBUFG.ResyncToBUFG_X/CLK           | Enable_encryption_IBUF                                                                                        | HDMI_bd_i/Encryption_0/U0/key_int_reg[9]_LDC_i_1_n_0                                      |                1 |              1 |
|  HDMI_bd_i/dvi2rgb_0/U0/GenerateBUFG.ResyncToBUFG_X/CLK           | Enable_encryption_IBUF                                                                                        | HDMI_bd_i/Encryption_0/U0/key_int_reg[4]_LDC_i_1_n_0                                      |                1 |              1 |
|  HDMI_bd_i/dvi2rgb_0/U0/GenerateBUFG.ResyncToBUFG_X/CLK           | Enable_encryption_IBUF                                                                                        | HDMI_bd_i/Decryption_0/U0/key_int_reg[18]_LDC_i_1_n_0                                     |                1 |              1 |
|  HDMI_bd_i/dvi2rgb_0/U0/GenerateBUFG.ResyncToBUFG_X/CLK           | Enable_encryption_IBUF                                                                                        | HDMI_bd_i/Decryption_0/U0/key_int_reg[19]_LDC_i_1_n_0                                     |                1 |              1 |
|  HDMI_bd_i/dvi2rgb_0/U0/GenerateBUFG.ResyncToBUFG_X/CLK           | Enable_encryption_IBUF                                                                                        | HDMI_bd_i/Decryption_0/U0/key_int_reg[17]_LDC_i_1_n_0                                     |                1 |              1 |
|  HDMI_bd_i/dvi2rgb_0/U0/GenerateBUFG.ResyncToBUFG_X/CLK           | Enable_encryption_IBUF                                                                                        | HDMI_bd_i/Decryption_0/U0/key_int_reg[15]_LDC_i_1_n_0                                     |                1 |              1 |
|  HDMI_bd_i/dvi2rgb_0/U0/GenerateBUFG.ResyncToBUFG_X/CLK           | Enable_encryption_IBUF                                                                                        | HDMI_bd_i/Decryption_0/U0/key_int_reg[0]_LDC_i_1_n_0                                      |                1 |              1 |
|  HDMI_bd_i/dvi2rgb_0/U0/GenerateBUFG.ResyncToBUFG_X/CLK           | Enable_encryption_IBUF                                                                                        | HDMI_bd_i/Decryption_0/U0/key_int_reg[11]_LDC_i_1_n_0                                     |                1 |              1 |
|  HDMI_bd_i/dvi2rgb_0/U0/GenerateBUFG.ResyncToBUFG_X/CLK           | Enable_encryption_IBUF                                                                                        | HDMI_bd_i/Decryption_0/U0/key_int_reg[13]_LDC_i_1_n_0                                     |                1 |              1 |
|  HDMI_bd_i/dvi2rgb_0/U0/GenerateBUFG.ResyncToBUFG_X/CLK           | Enable_encryption_IBUF                                                                                        | HDMI_bd_i/Decryption_0/U0/key_int_reg[12]_LDC_i_1_n_0                                     |                1 |              1 |
|  HDMI_bd_i/dvi2rgb_0/U0/GenerateBUFG.ResyncToBUFG_X/CLK           | Enable_encryption_IBUF                                                                                        | HDMI_bd_i/Decryption_0/U0/key_int_reg[16]_LDC_i_1_n_0                                     |                1 |              1 |
|  HDMI_bd_i/dvi2rgb_0/U0/GenerateBUFG.ResyncToBUFG_X/CLK           | Enable_encryption_IBUF                                                                                        | HDMI_bd_i/Decryption_0/U0/key_int_reg[10]_LDC_i_1_n_0                                     |                1 |              1 |
|  HDMI_bd_i/dvi2rgb_0/U0/GenerateBUFG.ResyncToBUFG_X/CLK           | Enable_encryption_IBUF                                                                                        | HDMI_bd_i/Decryption_0/U0/key_int_reg[14]_LDC_i_1_n_0                                     |                1 |              1 |
|  HDMI_bd_i/dvi2rgb_0/U0/GenerateBUFG.ResyncToBUFG_X/CLK           | Enable_encryption_IBUF                                                                                        | HDMI_bd_i/Decryption_0/U0/key_int_reg[23]_LDC_i_1_n_0                                     |                1 |              1 |
|  HDMI_bd_i/dvi2rgb_0/U0/GenerateBUFG.ResyncToBUFG_X/CLK           | Enable_encryption_IBUF                                                                                        | HDMI_bd_i/Decryption_0/U0/key_int_reg[26]_LDC_i_1_n_0                                     |                1 |              1 |
|  HDMI_bd_i/dvi2rgb_0/U0/GenerateBUFG.ResyncToBUFG_X/CLK           | Enable_encryption_IBUF                                                                                        | HDMI_bd_i/Decryption_0/U0/key_int_reg[20]_LDC_i_1_n_0                                     |                1 |              1 |
|  HDMI_bd_i/dvi2rgb_0/U0/GenerateBUFG.ResyncToBUFG_X/CLK           | Enable_encryption_IBUF                                                                                        | HDMI_bd_i/Decryption_0/U0/key_int_reg[27]_LDC_i_1_n_0                                     |                1 |              1 |
|  HDMI_bd_i/dvi2rgb_0/U0/GenerateBUFG.ResyncToBUFG_X/CLK           | Enable_encryption_IBUF                                                                                        | HDMI_bd_i/Decryption_0/U0/key_int_reg[1]_LDC_i_1_n_0                                      |                1 |              1 |
|  HDMI_bd_i/dvi2rgb_0/U0/GenerateBUFG.ResyncToBUFG_X/CLK           | Enable_encryption_IBUF                                                                                        | HDMI_bd_i/Decryption_0/U0/key_int_reg[24]_LDC_i_1_n_0                                     |                1 |              1 |
|  HDMI_bd_i/clk_wiz_0/inst/clk_out1                                |                                                                                                               | HDMI_bd_i/dvi2rgb_0/U0/TMDS_ClockingX/RdyLostReset/aRst_int                               |                1 |              2 |
|  HDMI_bd_i/dvi2rgb_0/U0/GenerateBUFG.ResyncToBUFG_X/CLK           |                                                                                                               | HDMI_bd_i/rgb2dvi_0/U0/ClockGenInternal.ClockGenX/in0                                     |                1 |              2 |
|  HDMI_bd_i/clk_wiz_0/inst/clk_out1                                |                                                                                                               | HDMI_bd_i/dvi2rgb_0/U0/TMDS_ClockingX/LockLostReset/SyncAsyncx/oSyncStages[1]             |                1 |              2 |
|  HDMI_bd_i/clk_wiz_0/inst/clk_out1                                |                                                                                                               | reset_IBUF                                                                                |                1 |              2 |
|  HDMI_bd_i/dvi2rgb_0/U0/TMDS_ClockingX/rMMCM_LckdRisingFlag_reg_0 |                                                                                                               | HDMI_bd_i/dvi2rgb_0/U0/TMDS_ClockingX/in0                                                 |                1 |              2 |
|  HDMI_bd_i/clk_wiz_0/inst/clk_out1                                | HDMI_bd_i/dvi2rgb_0/U0/GenerateDDC.DDC_EEPROM/I2C_SlaveController/GlitchF_SCL/Filter.cntPeriods[3]_i_2__0_n_0 | HDMI_bd_i/dvi2rgb_0/U0/GenerateDDC.DDC_EEPROM/I2C_SlaveController/SyncSCL/SS[0]           |                1 |              4 |
|  HDMI_bd_i/clk_wiz_0/inst/clk_out1                                | HDMI_bd_i/dvi2rgb_0/U0/GenerateDDC.DDC_EEPROM/I2C_SlaveController/GlitchF_SDA/Filter.cntPeriods[3]_i_2_n_0    | HDMI_bd_i/dvi2rgb_0/U0/GenerateDDC.DDC_EEPROM/I2C_SlaveController/SyncSDA/SS[0]           |                1 |              4 |
|  HDMI_bd_i/clk_wiz_0/inst/clk_out1                                | HDMI_bd_i/dvi2rgb_0/U0/GenerateDDC.DDC_EEPROM/I2C_SlaveController/FSM_onehot_sState_reg[3]                    |                                                                                           |                1 |              4 |
|  HDMI_bd_i/dvi2rgb_0/U0/TMDS_ClockingX/rMMCM_LckdRisingFlag_reg_0 | HDMI_bd_i/dvi2rgb_0/U0/DataDecoders[0].DecoderX/PhaseAlignX/pCenterTap[5]_i_1__1_n_0                          |                                                                                           |                2 |              5 |
|  HDMI_bd_i/dvi2rgb_0/U0/TMDS_ClockingX/rMMCM_LckdRisingFlag_reg_0 | HDMI_bd_i/dvi2rgb_0/U0/DataDecoders[0].DecoderX/ChannelBondX/pRdEn                                            | HDMI_bd_i/dvi2rgb_0/U0/DataDecoders[1].DecoderX/PhaseAlignX/pAligned_reg_0                |                1 |              5 |
|  HDMI_bd_i/dvi2rgb_0/U0/TMDS_ClockingX/rMMCM_LckdRisingFlag_reg_0 | HDMI_bd_i/dvi2rgb_0/U0/DataDecoders[0].DecoderX/PhaseAlignX/pEyeOpenEn                                        | HDMI_bd_i/dvi2rgb_0/U0/DataDecoders[0].DecoderX/PhaseAlignX/pEyeOpenRst                   |                1 |              5 |
|  HDMI_bd_i/dvi2rgb_0/U0/TMDS_ClockingX/rMMCM_LckdRisingFlag_reg_0 | HDMI_bd_i/dvi2rgb_0/U0/DataDecoders[1].DecoderX/ChannelBondX/pRdEn                                            | HDMI_bd_i/dvi2rgb_0/U0/DataDecoders[1].DecoderX/PhaseAlignX/pAligned_reg_0                |                1 |              5 |
|  HDMI_bd_i/clk_wiz_0/inst/clk_out1                                | HDMI_bd_i/dvi2rgb_0/U0/TMDS_ClockingX/rDlyRstCnt[4]_i_1_n_0                                                   | HDMI_bd_i/dvi2rgb_0/U0/TMDS_ClockingX/LockLostReset/SyncAsyncx/oSyncStages[1]             |                1 |              5 |
|  HDMI_bd_i/dvi2rgb_0/U0/TMDS_ClockingX/rMMCM_LckdRisingFlag_reg_0 | HDMI_bd_i/dvi2rgb_0/U0/DataDecoders[1].DecoderX/PhaseAlignX/pEyeOpenEn                                        | HDMI_bd_i/dvi2rgb_0/U0/DataDecoders[1].DecoderX/PhaseAlignX/pEyeOpenRst                   |                1 |              5 |
|  HDMI_bd_i/dvi2rgb_0/U0/TMDS_ClockingX/rMMCM_LckdRisingFlag_reg_0 | HDMI_bd_i/dvi2rgb_0/U0/DataDecoders[2].DecoderX/ChannelBondX/pRdEn                                            | HDMI_bd_i/dvi2rgb_0/U0/DataDecoders[1].DecoderX/PhaseAlignX/pAligned_reg_0                |                1 |              5 |
|  HDMI_bd_i/dvi2rgb_0/U0/TMDS_ClockingX/rMMCM_LckdRisingFlag_reg_0 | HDMI_bd_i/dvi2rgb_0/U0/DataDecoders[2].DecoderX/PhaseAlignX/pCenterTap[5]_i_1_n_0                             |                                                                                           |                2 |              5 |
|  HDMI_bd_i/dvi2rgb_0/U0/GenerateBUFG.ResyncToBUFG_X/CLK           |                                                                                                               | HDMI_bd_i/rgb2dvi_0/U0/ClockGenInternal.ClockGenX/LockLostReset/SyncAsyncx/oSyncStages[1] |                1 |              5 |
|  HDMI_bd_i/dvi2rgb_0/U0/TMDS_ClockingX/rMMCM_LckdRisingFlag_reg_0 | HDMI_bd_i/dvi2rgb_0/U0/DataDecoders[2].DecoderX/PhaseAlignX/pEyeOpenEn                                        | HDMI_bd_i/dvi2rgb_0/U0/DataDecoders[2].DecoderX/PhaseAlignX/pEyeOpenRst                   |                1 |              5 |
|  HDMI_bd_i/dvi2rgb_0/U0/TMDS_ClockingX/rMMCM_LckdRisingFlag_reg_0 | HDMI_bd_i/dvi2rgb_0/U0/DataDecoders[1].DecoderX/PhaseAlignX/pCenterTap[5]_i_1__0_n_0                          |                                                                                           |                2 |              5 |
|  HDMI_bd_i/dvi2rgb_0/U0/TMDS_ClockingX/rMMCM_LckdRisingFlag_reg_0 |                                                                                                               | HDMI_bd_i/dvi2rgb_0/U0/DataDecoders[1].DecoderX/PhaseAlignX/pCtlTknRst                    |                3 |              7 |
|  HDMI_bd_i/dvi2rgb_0/U0/TMDS_ClockingX/rMMCM_LckdRisingFlag_reg_0 |                                                                                                               | HDMI_bd_i/dvi2rgb_0/U0/DataDecoders[2].DecoderX/PhaseAlignX/pCtlTknRst                    |                3 |              7 |
|  HDMI_bd_i/dvi2rgb_0/U0/TMDS_ClockingX/rMMCM_LckdRisingFlag_reg_0 |                                                                                                               | HDMI_bd_i/dvi2rgb_0/U0/DataDecoders[0].DecoderX/PhaseAlignX/pCtlTknRst                    |                3 |              7 |
|  HDMI_bd_i/clk_wiz_0/inst/clk_out1                                | HDMI_bd_i/dvi2rgb_0/U0/GenerateDDC.DDC_EEPROM/I2C_SlaveController/dataByte[7]_i_1_n_0                         |                                                                                           |                3 |              8 |
|  HDMI_bd_i/dvi2rgb_0/U0/TMDS_ClockingX/rMMCM_LckdRisingFlag_reg_0 |                                                                                                               | HDMI_bd_i/dvi2rgb_0/U0/DataDecoders[2].DecoderX/ChannelBondX/SR[0]                        |                2 |              8 |
|  HDMI_bd_i/dvi2rgb_0/U0/TMDS_ClockingX/rMMCM_LckdRisingFlag_reg_0 |                                                                                                               | HDMI_bd_i/dvi2rgb_0/U0/DataDecoders[1].DecoderX/ChannelBondX/pMeRdy_int_reg_1[0]          |                2 |              8 |
|  HDMI_bd_i/clk_wiz_0/inst/clk_out1                                |                                                                                                               | HDMI_bd_i/dvi2rgb_0/U0/LockLostReset/SyncAsyncx/oSyncStages[1]                            |                6 |              9 |
|  HDMI_bd_i/dvi2rgb_0/U0/GenerateBUFG.ResyncToBUFG_X/CLK           |                                                                                                               | HDMI_bd_i/rgb2dvi_0/U0/DataEncoders[0].DataEncoder/pDataOutRaw[9]_i_1__1_n_0              |                3 |             10 |
|  HDMI_bd_i/dvi2rgb_0/U0/TMDS_ClockingX/rMMCM_LckdRisingFlag_reg_0 | HDMI_bd_i/dvi2rgb_0/U0/DataDecoders[2].DecoderX/PhaseAlignX/pState[10]_i_1_n_0                                | HDMI_bd_i/dvi2rgb_0/U0/DataDecoders[2].DecoderX/pAlignRst_reg_n_0                         |                2 |             11 |
|  HDMI_bd_i/dvi2rgb_0/U0/TMDS_ClockingX/rMMCM_LckdRisingFlag_reg_0 |                                                                                                               | HDMI_bd_i/dvi2rgb_0/U0/DataDecoders[0].DecoderX/ChannelBondX/SR[0]                        |                3 |             11 |
|  HDMI_bd_i/dvi2rgb_0/U0/TMDS_ClockingX/rMMCM_LckdRisingFlag_reg_0 | HDMI_bd_i/dvi2rgb_0/U0/DataDecoders[0].DecoderX/PhaseAlignX/pState[10]_i_1__1_n_0                             | HDMI_bd_i/dvi2rgb_0/U0/DataDecoders[0].DecoderX/pAlignRst_reg_n_0                         |                2 |             11 |
|  HDMI_bd_i/dvi2rgb_0/U0/TMDS_ClockingX/rMMCM_LckdRisingFlag_reg_0 | HDMI_bd_i/dvi2rgb_0/U0/DataDecoders[1].DecoderX/PhaseAlignX/pState[10]_i_1__0_n_0                             | HDMI_bd_i/dvi2rgb_0/U0/DataDecoders[1].DecoderX/pAlignRst_reg_n_0                         |                3 |             11 |
|  HDMI_bd_i/dvi2rgb_0/U0/TMDS_ClockingX/rMMCM_LckdRisingFlag_reg_0 |                                                                                                               | HDMI_bd_i/dvi2rgb_0/U0/LockLostReset/SyncAsyncx/oSyncStages[1]                            |                6 |             12 |
|  HDMI_bd_i/clk_wiz_0/inst/clk_out1                                | HDMI_bd_i/dvi2rgb_0/U0/GenerateDDC.DDC_EEPROM/I2C_SlaveController/E[0]                                        |                                                                                           |                4 |             16 |
|  HDMI_bd_i/dvi2rgb_0/U0/TMDS_ClockingX/rMMCM_LckdRisingFlag_reg_0 |                                                                                                               | HDMI_bd_i/dvi2rgb_0/U0/DataDecoders[1].DecoderX/PhaseAlignX/pAligned_reg_0                |                4 |             21 |
|  HDMI_bd_i/clk_wiz_0/inst/clk_out1                                | HDMI_bd_i/dvi2rgb_0/U0/DataDecoders[0].DecoderX/rTimeoutCnt[0]_i_1__1_n_0                                     | HDMI_bd_i/dvi2rgb_0/U0/DataDecoders[0].DecoderX/SyncBaseRst/SyncAsyncx/oSyncStages[1]     |                6 |             24 |
|  HDMI_bd_i/clk_wiz_0/inst/clk_out1                                | HDMI_bd_i/dvi2rgb_0/U0/DataDecoders[2].DecoderX/rTimeoutCnt[0]_i_1_n_0                                        | HDMI_bd_i/dvi2rgb_0/U0/DataDecoders[2].DecoderX/SyncBaseRst/SyncAsyncx/oSyncStages[1]     |                6 |             24 |
|  HDMI_bd_i/clk_wiz_0/inst/clk_out1                                | HDMI_bd_i/dvi2rgb_0/U0/DataDecoders[1].DecoderX/rTimeoutCnt[0]_i_1__0_n_0                                     | HDMI_bd_i/dvi2rgb_0/U0/DataDecoders[1].DecoderX/SyncBaseRst/SyncAsyncx/oSyncStages[1]     |                6 |             24 |
| ~HDMI_bd_i/dvi2rgb_0/U0/GenerateBUFG.ResyncToBUFG_X/CLK           |                                                                                                               |                                                                                           |                6 |             27 |
|  HDMI_bd_i/dvi2rgb_0/U0/GenerateBUFG.ResyncToBUFG_X/CLK           | HDMI_bd_i/Generator_0/U0/FSM_onehot_current_state_reg_n_0_[4]                                                 | reset_IBUF                                                                                |                6 |             31 |
|  HDMI_bd_i/dvi2rgb_0/U0/GenerateBUFG.ResyncToBUFG_X/CLK           |                                                                                                               | HDMI_bd_i/rgb2dvi_0/U0/DataEncoders[0].DataEncoder/SR[0]                                  |               16 |             32 |
|  HDMI_bd_i/dvi2rgb_0/U0/GenerateBUFG.ResyncToBUFG_X/CLK           | HDMI_bd_i/Generator_0/U0/compteur0                                                                            | HDMI_bd_i/Generator_0/U0/compteur[31]_i_1_n_0                                             |                9 |             33 |
|  HDMI_bd_i/dvi2rgb_0/U0/GenerateBUFG.ResyncToBUFG_X/CLK           | HDMI_bd_i/Encryption_0/U0/VDErdc/E[0]                                                                         |                                                                                           |               13 |             33 |
|  HDMI_bd_i/dvi2rgb_0/U0/GenerateBUFG.ResyncToBUFG_X/CLK           | HDMI_bd_i/Decryption_0/U0/VDErdc/E[0]                                                                         |                                                                                           |                6 |             33 |
|  HDMI_bd_i/clk_wiz_0/inst/clk_out1                                |                                                                                                               |                                                                                           |               19 |             36 |
|  HDMI_bd_i/dvi2rgb_0/U0/GenerateBUFG.ResyncToBUFG_X/CLK           |                                                                                                               | reset_IBUF                                                                                |               13 |             40 |
|  HDMI_bd_i/dvi2rgb_0/U0/TMDS_ClockingX/rMMCM_LckdRisingFlag_reg_0 | HDMI_bd_i/dvi2rgb_0/U0/DataDecoders[0].DecoderX/PhaseAlignX/pAllVld                                           |                                                                                           |                6 |             48 |
|  HDMI_bd_i/dvi2rgb_0/U0/GenerateBUFG.ResyncToBUFG_X/CLK           |                                                                                                               |                                                                                           |               31 |            119 |
|  HDMI_bd_i/dvi2rgb_0/U0/TMDS_ClockingX/rMMCM_LckdRisingFlag_reg_0 |                                                                                                               |                                                                                           |               42 |            145 |
| ~HDMI_bd_i/dvi2rgb_0/U0/GenerateBUFG.ResyncToBUFG_X/CLK           |                                                                                                               | reset_IBUF                                                                                |               37 |            186 |
+-------------------------------------------------------------------+---------------------------------------------------------------------------------------------------------------+-------------------------------------------------------------------------------------------+------------------+----------------+


