Copyright 1986-2018 Xilinx, Inc. All Rights Reserved.
------------------------------------------------------------------------------------
| Tool Version : Vivado v.2018.3 (win64) Build 2405991 Thu Dec  6 23:38:27 MST 2018
| Date         : Mon Nov 29 14:14:00 2021
| Host         : LAPTOP-MIC running 64-bit major release  (build 9200)
| Command      : upgrade_ip
| Device       : xc7z020clg400-1
------------------------------------------------------------------------------------

Upgrade Log for IP 'HDMI_bd_xlconstant_0_0'

1. Summary
----------

SUCCESS in the conversion of HDMI_bd_xlconstant_0_0 (xilinx.com:ip:xlconstant:1.1 (Rev. 5)) to Vivado generation flows.






Copyright 1986-2018 Xilinx, Inc. All Rights Reserved.
------------------------------------------------------------------------------------
| Tool Version : Vivado v.2018.3 (win64) Build 2405991 Thu Dec  6 23:38:27 MST 2018
| Date         : Mon Nov 29 14:14:00 2021
| Host         : LAPTOP-MIC running 64-bit major release  (build 9200)
| Command      : upgrade_ip
| Device       : xc7z020clg400-1
------------------------------------------------------------------------------------

Upgrade Log for IP 'HDMI_bd_clk_wiz_0_0'

1. Summary
----------

SUCCESS in the upgrade of HDMI_bd_clk_wiz_0_0 (xilinx.com:ip:clk_wiz:6.0) from (Rev. 1) to (Rev. 2)






Copyright 1986-2018 Xilinx, Inc. All Rights Reserved.
------------------------------------------------------------------------------------
| Tool Version : Vivado v.2018.3 (win64) Build 2405991 Thu Dec  6 23:38:27 MST 2018
| Date         : Mon Nov 29 14:14:00 2021
| Host         : LAPTOP-MIC running 64-bit major release  (build 9200)
| Command      : upgrade_ip
| Device       : xc7z020clg400-1
------------------------------------------------------------------------------------

Upgrade Log for IP 'HDMI_bd_RTL_0_0'

1. Summary
----------

CAUTION (success, with warnings) in the conversion of HDMI_bd_RTL_0_0 (xilinx.com:module_ref:RTL:1.0 (Rev. 1)) to Vivado generation flows.

After upgrade, an IP may have parameter and port differences compared to the original customization. Please review the parameters within the IP customization GUI to ensure proper functionality. Also, please review the updated IP instantiation template to ensure proper connectivity, and update your design if required.

2. Connection Warnings
----------------------

Detected external port differences while upgrading 'HDMI_bd_RTL_0_0'. These changes may impact your design.


-Upgraded port 'HSync' in differs from original direction out

-Upgraded port 'VDE' in differs from original direction out

-Upgraded port 'VSync' in differs from original direction out


