Vivado Simulator 2018.3
Copyright 1986-1999, 2001-2018 Xilinx, Inc. All Rights Reserved.
Running: C:/Xilinx/Vivado/2018.3/bin/unwrapped/win64.o/xelab.exe -wto 29e705b514474bce9285d141a7b7a025 --incr --debug typical --relax --mt 2 -L xil_defaultlib -L secureip --snapshot top_level_tb_behav xil_defaultlib.top_level_tb -log elaborate.log 
Using 2 slave threads.
Starting static elaboration
Completed static elaboration
Starting simulation data flow analysis
Completed simulation data flow analysis
Time Resolution for simulation is 1ps
Compiling package std.standard
Compiling package std.textio
Compiling package ieee.std_logic_1164
Compiling package ieee.numeric_std
Compiling package ieee.std_logic_arith
Compiling package ieee.std_logic_signed
Compiling package ieee.std_logic_unsigned
Compiling architecture behavioral of entity xil_defaultlib.Generator [generator_default]
Compiling architecture behavioral of entity xil_defaultlib.regNbit [\regNbit(n=24)\]
Compiling architecture behavioral of entity xil_defaultlib.reg_1bit [reg_1bit_default]
Compiling architecture behavioral of entity xil_defaultlib.rdc_Nbits [\rdc_Nbits(n=3)\]
Compiling architecture behavioral of entity xil_defaultlib.Encryption [encryption_default]
Compiling architecture behavioral of entity xil_defaultlib.rdc_NxM [\rdc_NxM(n=3)\]
Compiling architecture behavioral of entity xil_defaultlib.Decryption [decryption_default]
Compiling architecture behavioral of entity xil_defaultlib.topLevel [toplevel_default]
Compiling architecture behavioral of entity xil_defaultlib.top_level_tb
Built simulation snapshot top_level_tb_behav
